[ 2023-07-30 18:58:02,607 ] 18 root - INFO - Reading the Train data
[ 2023-07-30 18:58:02,691 ] 23 root - INFO - Reading the Train data successful
[ 2023-07-30 18:58:02,692 ] 32 root - INFO - Reading the test data
[ 2023-07-30 18:58:02,746 ] 37 root - INFO - Reading the test data successful
[ 2023-07-30 18:58:02,746 ] 22 root - INFO - Started data transformation for Train Data
[ 2023-07-30 18:58:02,746 ] 24 root - INFO - Started reading the train data
[ 2023-07-30 18:58:02,757 ] 27 root - INFO - Reading the train data completed
[ 2023-07-30 18:58:02,780 ] 35 root - INFO -  Started Filling the null Values of Item weight
[ 2023-07-30 18:58:02,796 ] 44 root - INFO - Completed filling the null values
[ 2023-07-30 18:58:02,798 ] 46 root - INFO - Started filling null values of Outlet size
[ 2023-07-30 18:58:02,800 ] 49 root - INFO - Filling null values of Outlet size is completed
[ 2023-07-30 18:58:02,800 ] 54 root - INFO - Started replacing the values of Item fat content
[ 2023-07-30 18:58:02,802 ] 60 root - INFO - Replacing the values of Item fat content completed
[ 2023-07-30 18:58:02,802 ] 66 root - INFO - Applying label encoding to Item type
[ 2023-07-30 18:58:02,805 ] 72 root - INFO - Applying label encoding to Item type completed
[ 2023-07-30 18:58:02,805 ] 83 root - INFO - Started Label encoding to Item fat content
[ 2023-07-30 18:58:02,807 ] 86 root - INFO - Label encoding to Item fat content completed
[ 2023-07-30 18:58:02,807 ] 91 root - INFO - Started Label encoding to outlet size
[ 2023-07-30 18:58:02,807 ] 94 root - INFO - Label encoding to outlet size completed
[ 2023-07-30 18:58:02,807 ] 99 root - INFO - Started Label encoding to outlet location type
[ 2023-07-30 18:58:02,807 ] 102 root - INFO -  Label encoding to outlet location type completed
[ 2023-07-30 18:58:02,807 ] 107 root - INFO - Started Label encoding to outlet type
[ 2023-07-30 18:58:02,807 ] 110 root - INFO - Label encoding to outlet type completed
[ 2023-07-30 18:58:02,807 ] 115 root - INFO - Completed data transformation for Train Data
[ 2023-07-30 18:58:02,807 ] 120 root - INFO - Started data transformation for Test Data
[ 2023-07-30 18:58:02,807 ] 121 root - INFO - Started reading the test data
[ 2023-07-30 18:58:02,840 ] 124 root - INFO - Reading the test data completed
[ 2023-07-30 18:58:02,841 ] 132 root - INFO -  Started Filling the null Values of Item weight
[ 2023-07-30 18:58:02,853 ] 141 root - INFO - Completed filling the null values
[ 2023-07-30 18:58:02,853 ] 143 root - INFO - Started filling null values of Outlet size
[ 2023-07-30 18:58:02,854 ] 146 root - INFO - Filling null values of Outlet size is completed
[ 2023-07-30 18:58:02,855 ] 151 root - INFO - Started replacing the values of Item fat content
[ 2023-07-30 18:58:02,856 ] 157 root - INFO - Replacing the values of Item fat content completed
[ 2023-07-30 18:58:02,856 ] 163 root - INFO - Applying label encoding to Item type
[ 2023-07-30 18:58:02,857 ] 169 root - INFO - Applying label encoding to Item type completed
[ 2023-07-30 18:58:02,857 ] 180 root - INFO - Started Label encoding to Item fat content
[ 2023-07-30 18:58:02,857 ] 183 root - INFO - Label encoding to Item fat content completed
[ 2023-07-30 18:58:02,857 ] 188 root - INFO - Started Label encoding to outlet size
[ 2023-07-30 18:58:02,857 ] 191 root - INFO - Label encoding to outlet size completed
[ 2023-07-30 18:58:02,857 ] 196 root - INFO - Started Label encoding to outlet location type
[ 2023-07-30 18:58:02,857 ] 199 root - INFO -  Label encoding to outlet location type completed
[ 2023-07-30 18:58:02,857 ] 204 root - INFO - Started Label encoding to outlet type
[ 2023-07-30 18:58:02,857 ] 207 root - INFO - Label encoding to outlet type completed
[ 2023-07-30 18:58:02,857 ] 212 root - INFO - Completed data transformation for Test Data
[ 2023-07-30 18:58:05,589 ] 12 root - INFO - Pipeline started
[ 2023-07-30 18:58:05,589 ] 18 root - INFO - Reading the Train data
[ 2023-07-30 18:58:05,656 ] 23 root - INFO - Reading the Train data successful
[ 2023-07-30 18:58:05,656 ] 32 root - INFO - Reading the test data
[ 2023-07-30 18:58:05,703 ] 37 root - INFO - Reading the test data successful
[ 2023-07-30 18:58:05,703 ] 22 root - INFO - Started data transformation for Train Data
[ 2023-07-30 18:58:05,703 ] 24 root - INFO - Started reading the train data
[ 2023-07-30 18:58:05,726 ] 27 root - INFO - Reading the train data completed
[ 2023-07-30 18:58:05,728 ] 35 root - INFO -  Started Filling the null Values of Item weight
[ 2023-07-30 18:58:05,742 ] 44 root - INFO - Completed filling the null values
[ 2023-07-30 18:58:05,742 ] 46 root - INFO - Started filling null values of Outlet size
[ 2023-07-30 18:58:05,744 ] 49 root - INFO - Filling null values of Outlet size is completed
[ 2023-07-30 18:58:05,744 ] 54 root - INFO - Started replacing the values of Item fat content
[ 2023-07-30 18:58:05,745 ] 60 root - INFO - Replacing the values of Item fat content completed
[ 2023-07-30 18:58:05,745 ] 66 root - INFO - Applying label encoding to Item type
[ 2023-07-30 18:58:05,749 ] 72 root - INFO - Applying label encoding to Item type completed
[ 2023-07-30 18:58:05,749 ] 83 root - INFO - Started Label encoding to Item fat content
[ 2023-07-30 18:58:05,754 ] 86 root - INFO - Label encoding to Item fat content completed
[ 2023-07-30 18:58:05,754 ] 91 root - INFO - Started Label encoding to outlet size
[ 2023-07-30 18:58:05,756 ] 94 root - INFO - Label encoding to outlet size completed
[ 2023-07-30 18:58:05,756 ] 99 root - INFO - Started Label encoding to outlet location type
[ 2023-07-30 18:58:05,756 ] 102 root - INFO -  Label encoding to outlet location type completed
[ 2023-07-30 18:58:05,756 ] 107 root - INFO - Started Label encoding to outlet type
[ 2023-07-30 18:58:05,756 ] 110 root - INFO - Label encoding to outlet type completed
[ 2023-07-30 18:58:05,756 ] 115 root - INFO - Completed data transformation for Train Data
[ 2023-07-30 18:58:05,756 ] 120 root - INFO - Started data transformation for Test Data
[ 2023-07-30 18:58:05,756 ] 121 root - INFO - Started reading the test data
[ 2023-07-30 18:58:05,785 ] 124 root - INFO - Reading the test data completed
[ 2023-07-30 18:58:05,785 ] 132 root - INFO -  Started Filling the null Values of Item weight
[ 2023-07-30 18:58:05,798 ] 141 root - INFO - Completed filling the null values
[ 2023-07-30 18:58:05,798 ] 143 root - INFO - Started filling null values of Outlet size
[ 2023-07-30 18:58:05,800 ] 146 root - INFO - Filling null values of Outlet size is completed
[ 2023-07-30 18:58:05,800 ] 151 root - INFO - Started replacing the values of Item fat content
[ 2023-07-30 18:58:05,801 ] 157 root - INFO - Replacing the values of Item fat content completed
[ 2023-07-30 18:58:05,801 ] 163 root - INFO - Applying label encoding to Item type
[ 2023-07-30 18:58:05,804 ] 169 root - INFO - Applying label encoding to Item type completed
[ 2023-07-30 18:58:05,804 ] 180 root - INFO - Started Label encoding to Item fat content
[ 2023-07-30 18:58:05,807 ] 183 root - INFO - Label encoding to Item fat content completed
[ 2023-07-30 18:58:05,807 ] 188 root - INFO - Started Label encoding to outlet size
[ 2023-07-30 18:58:05,810 ] 191 root - INFO - Label encoding to outlet size completed
[ 2023-07-30 18:58:05,811 ] 196 root - INFO - Started Label encoding to outlet location type
[ 2023-07-30 18:58:05,813 ] 199 root - INFO -  Label encoding to outlet location type completed
[ 2023-07-30 18:58:05,813 ] 204 root - INFO - Started Label encoding to outlet type
[ 2023-07-30 18:58:05,816 ] 207 root - INFO - Label encoding to outlet type completed
[ 2023-07-30 18:58:05,816 ] 212 root - INFO - Completed data transformation for Test Data
[ 2023-07-30 18:58:05,906 ] 30 root - INFO - Started Feature selection
[ 2023-07-30 18:58:05,906 ] 34 root - INFO - Feature selection completed
[ 2023-07-30 18:58:05,906 ] 39 root - INFO - Started splitting the data into Train and Test set
[ 2023-07-30 18:58:05,940 ] 42 root - INFO - Splitting the data into Train and Test set completed
[ 2023-07-30 18:58:05,940 ] 52 root - INFO - Started fitting Model Using Linear Regression
[ 2023-07-30 18:58:06,130 ] 58 root - INFO - Fitting Model Using Linear Regression completed
[ 2023-07-30 18:58:06,130 ] 59 root - INFO - Accuracy for Linear Regression is 0.5129696687890513
[ 2023-07-30 18:58:06,130 ] 64 root - INFO - Saving the Linear Regression model
[ 2023-07-30 18:58:06,133 ] 70 root - INFO - Saving the Linear Regression model completed
[ 2023-07-30 18:58:06,133 ] 80 root - INFO - Started fitting Model Using ExtraTree Regression
[ 2023-07-30 18:58:09,991 ] 86 root - INFO - Fitting Model Using ExtraTree Regression completed
[ 2023-07-30 18:58:09,992 ] 87 root - INFO - Accuracy for ExtraTree Regression is 0.5425063935152254
[ 2023-07-30 18:58:09,992 ] 92 root - INFO - Saving the ExtraTree Regression model
[ 2023-07-30 18:58:10,114 ] 98 root - INFO - Saving the ExtraTree Regression model completed
[ 2023-07-30 18:58:10,114 ] 108 root - INFO - Started fitting Model Using Gradient Boosting Regression
[ 2023-07-30 18:58:12,104 ] 114 root - INFO - Fitting Model Using Gradient Boosting Regression completed
[ 2023-07-30 18:58:12,104 ] 115 root - INFO - Accuracy for Gradient Boosting Regression is 0.5944713732860308
[ 2023-07-30 18:58:12,104 ] 120 root - INFO - Saving the Gradient Boosting Regression model
[ 2023-07-30 18:58:12,104 ] 126 root - INFO - Saving the Gradient Boosting Regression model completed
[ 2023-07-30 18:58:12,104 ] 136 root - INFO - Started fitting Model Using XGBoost Regression
[ 2023-07-30 18:58:14,602 ] 142 root - INFO - Fitting Model Using XGBoost Regression completed
[ 2023-07-30 18:58:14,603 ] 143 root - INFO - Accuracy for XGBoost Regression is 0.594095482484795
[ 2023-07-30 18:58:14,603 ] 148 root - INFO - Saving the XGBoost Regression model
[ 2023-07-30 18:58:14,604 ] 154 root - INFO - Saving the XGBoost Regression model completed
[ 2023-07-30 18:58:14,633 ] 14 root - INFO - Started prediction on test data
[ 2023-07-30 18:58:14,757 ] 19 root - INFO - Prediction on test data completed
[ 2023-07-30 18:58:14,759 ] 27 root - INFO - Pipeline completed
[ 2023-07-30 18:58:14,762 ] 21 root - INFO - Model is loading
[ 2023-07-30 18:58:14,831 ] 23 root - INFO - Model loading is completed
[ 2023-07-30 18:58:15,028 ] 187 werkzeug - INFO - [31m[1mWARNING: This is a development server. Do not use it in a production deployment. Use a production WSGI server instead.[0m
 * Running on http://127.0.0.1:5000
[ 2023-07-30 18:58:15,028 ] 187 werkzeug - INFO - [33mPress CTRL+C to quit[0m
[ 2023-07-30 19:17:51,027 ] 187 werkzeug - INFO - 127.0.0.1 - - [30/Jul/2023 19:17:51] "GET / HTTP/1.1" 200 -
[ 2023-07-30 19:17:51,169 ] 187 werkzeug - INFO - 127.0.0.1 - - [30/Jul/2023 19:17:51] "[33mGET /static/css/styles.css HTTP/1.1[0m" 404 -
[ 2023-07-30 19:26:53,962 ] 187 werkzeug - INFO - 127.0.0.1 - - [30/Jul/2023 19:26:53] "POST /predict HTTP/1.1" 200 -
[ 2023-07-30 19:26:54,005 ] 187 werkzeug - INFO - 127.0.0.1 - - [30/Jul/2023 19:26:54] "[33mGET /static/css/styles.css HTTP/1.1[0m" 404 -
[ 2023-07-30 19:29:19,127 ] 187 werkzeug - INFO - 127.0.0.1 - - [30/Jul/2023 19:29:19] "GET / HTTP/1.1" 200 -
[ 2023-07-30 19:29:19,144 ] 187 werkzeug - INFO - 127.0.0.1 - - [30/Jul/2023 19:29:19] "[33mGET /static/css/styles.css HTTP/1.1[0m" 404 -
[ 2023-07-30 19:32:40,964 ] 187 werkzeug - INFO - 127.0.0.1 - - [30/Jul/2023 19:32:40] "POST /predict HTTP/1.1" 200 -
[ 2023-07-30 19:32:41,014 ] 187 werkzeug - INFO - 127.0.0.1 - - [30/Jul/2023 19:32:41] "[33mGET /static/css/styles.css HTTP/1.1[0m" 404 -
